
------------------------------------
  Logging start.  ## CURRENT TIME  : [2/18, 2016   17:39  40.486]  ## COMMAND LINE  : 
cmd /C "gen_csini.exe"
------------------------------------
[STD-IN] : C:\Documents and Settings\All Users\Documents\Kommunikation\Lab3\.metadata\.plugins\sst.csgp\bin\env_vars.txt
GUI is waiting for subprocess to be done...
Execution done. EXIT CODE = 0
  Logging finished.  ## CURRENT TIME  : [2/18, 2016   17:39  48.345]
------------------------------------

------------------------------------
  Logging start.  ## CURRENT TIME  : [2/22, 2016   18:16  49.856]  ## COMMAND LINE  : 
cmd /C "gen_csini.exe"
------------------------------------
[STD-IN] : C:\Documents and Settings\All Users\Documents\Kommunikation\Lab3\.metadata\.plugins\sst.csgp\bin\env_vars.txt
GUI is waiting for subprocess to be done...
Execution done. EXIT CODE = 0
  Logging finished.  ## CURRENT TIME  : [2/22, 2016   18:16  55.418]
------------------------------------

------------------------------------
  Logging start.  ## CURRENT TIME  : [3/3, 2016   0:52  37.343]  ## COMMAND LINE  : 
cmd /C "gen_csini.exe"
------------------------------------
[STD-IN] : C:\Documents and Settings\All Users\Documents\Kommunikation\Lab3\.metadata\.plugins\sst.csgp\bin\env_vars.txt
GUI is waiting for subprocess to be done...
Execution done. EXIT CODE = 0
  Logging finished.  ## CURRENT TIME  : [3/3, 2016   0:52  40.390]
------------------------------------

------------------------------------
  Logging start.  ## CURRENT TIME  : [3/3, 2016   9:51  17.892]  ## COMMAND LINE  : 
cmd /C "gen_csini.exe"
------------------------------------
[STD-IN] : C:\Documents and Settings\All Users\Documents\Kommunikation\Lab3\.metadata\.plugins\sst.csgp\bin\env_vars.txt
GUI is waiting for subprocess to be done...
Execution done. EXIT CODE = 0
  Logging finished.  ## CURRENT TIME  : [3/3, 2016   9:51  21.48]
------------------------------------

------------------------------------
  Logging start.  ## CURRENT TIME  : [3/3, 2016   19:14  24.50]  ## COMMAND LINE  : 
cmd /C "gen_csini.exe"
------------------------------------
[STD-IN] : C:\Documents and Settings\All Users\Documents\Kommunikation\Lab3\.metadata\.plugins\sst.csgp\bin\env_vars.txt
GUI is waiting for subprocess to be done...
Execution done. EXIT CODE = 0
  Logging finished.  ## CURRENT TIME  : [3/3, 2016   19:14  27.868]
------------------------------------

------------------------------------
  Logging start.  ## CURRENT TIME  : [3/3, 2016   19:17  49.228]  ## COMMAND LINE  : 
cmd /C "gen_csini.exe"
------------------------------------
[STD-IN] : C:\Documents and Settings\All Users\Documents\Kommunikation\Lab3\.metadata\.plugins\sst.csgp\bin\env_vars.txt
GUI is waiting for subprocess to be done...
Execution done. EXIT CODE = 0
  Logging finished.  ## CURRENT TIME  : [3/3, 2016   19:17  52.369]
------------------------------------

------------------------------------
  Logging start.  ## CURRENT TIME  : [3/3, 2016   21:55  15.431]  ## COMMAND LINE  : 
cmd /C "gen_csini.exe"
------------------------------------
[STD-IN] : C:\Documents and Settings\All Users\Documents\Kommunikation\Lab3\.metadata\.plugins\sst.csgp\bin\env_vars.txt
GUI is waiting for subprocess to be done...
Execution done. EXIT CODE = 0
  Logging finished.  ## CURRENT TIME  : [3/3, 2016   21:55  18.274]
------------------------------------

------------------------------------
  Logging start.  ## CURRENT TIME  : [3/7, 2016   20:11  37.325]  ## COMMAND LINE  : 
cmd /C "gen_csini.exe"
------------------------------------
[STD-IN] : C:\Documents and Settings\All Users\Documents\Kommunikation\Lab3\.metadata\.plugins\sst.csgp\bin\env_vars.txt
GUI is waiting for subprocess to be done...
Execution done. EXIT CODE = 0
  Logging finished.  ## CURRENT TIME  : [3/7, 2016   20:11  41.997]
------------------------------------
